10:29:30: Creating resource group General
10:29:30: Creating resource group Internal
10:29:30: Creating resource group Autodetect
10:29:30: SceneManagerFactory for type 'DefaultSceneManager' registered.
10:29:30: Registering ResourceManager for type Material
10:29:30: Registering ResourceManager for type Mesh
10:29:30: Registering ResourceManager for type Skeleton
10:29:30: MovableObjectFactory for type 'ParticleSystem' registered.
10:29:30: OverlayElementFactory for type Panel registered.
10:29:30: OverlayElementFactory for type BorderPanel registered.
10:29:30: OverlayElementFactory for type TextArea registered.
10:29:30: Registering ResourceManager for type Font
10:29:30: ArchiveFactory for archive type FileSystem registered.
10:29:30: ArchiveFactory for archive type Zip registered.
10:29:30: DDS codec registering
10:29:30: FreeImage version: 3.13.1
10:29:30: This program uses FreeImage, a free, open source image library supporting all common bitmap formats. See http://freeimage.sourceforge.net for details
10:29:30: Supported formats: bmp,ico,jpg,jif,jpeg,jpe,jng,koa,iff,lbm,mng,pbm,pbm,pcd,pcx,pgm,pgm,png,ppm,ppm,ras,tga,targa,tif,tiff,wap,wbmp,wbm,psd,cut,xbm,xpm,gif,hdr,g3,sgi,exr,j2k,j2c,jp2,pfm,pct,pict,pic,bay,bmq,cr2,crw,cs1,dc2,dcr,dng,erf,fff,hdr,k25,kdc,mdc,mos,mrw,nef,orf,pef,pxn,raf,raw,rdc,sr2,srf,arw,3fr,cine,ia,kc2,mef,nrw,qtk,rw2,sti,drf,dsc,ptx,cap,iiq,rwz
10:29:30: PVRTC codec registering
10:29:30: Registering ResourceManager for type HighLevelGpuProgram
10:29:30: Registering ResourceManager for type Compositor
10:29:30: MovableObjectFactory for type 'Entity' registered.
10:29:30: MovableObjectFactory for type 'Light' registered.
10:29:30: MovableObjectFactory for type 'BillboardSet' registered.
10:29:30: MovableObjectFactory for type 'ManualObject' registered.
10:29:30: MovableObjectFactory for type 'BillboardChain' registered.
10:29:30: MovableObjectFactory for type 'RibbonTrail' registered.
10:29:30: Loading library .\RenderSystem_Direct3D9
10:29:30: Installing plugin: D3D9 RenderSystem
10:29:30: D3D9 : Direct3D9 Rendering Subsystem created.
10:29:30: D3D9: Driver Detection Starts
10:29:30: D3D9: Driver Detection Ends
10:29:30: Plugin successfully installed
10:29:30: Loading library .\RenderSystem_GL
10:29:30: Installing plugin: GL RenderSystem
10:29:30: OpenGL Rendering Subsystem created.
10:29:30: Plugin successfully installed
10:29:30: Loading library .\Plugin_OctreeSceneManager
10:29:31: Installing plugin: Octree & Terrain Scene Manager
10:29:31: Plugin successfully installed
10:29:31: *-*-* OGRE Initialising
10:29:31: *-*-* Version 1.7.1 (Cthugha)
10:29:31: D3D9 : RenderSystem Option: Allow NVPerfHUD = No
10:29:31: D3D9 : RenderSystem Option: FSAA = 0
10:29:31: D3D9 : RenderSystem Option: Floating-point mode = Fastest
10:29:31: D3D9 : RenderSystem Option: Full Screen = No
10:29:31: D3D9 : RenderSystem Option: Rendering Device = Monitor-1-Parallels Display Adapter (WDDM)
10:29:31: D3D9 : RenderSystem Option: Resource Creation Policy = Create on all devices
10:29:31: D3D9 : RenderSystem Option: VSync = No
10:29:31: D3D9 : RenderSystem Option: VSync Interval = 1
10:29:31: D3D9 : RenderSystem Option: Video Mode = 800 x 600 @ 32-bit colour
10:29:31: D3D9 : RenderSystem Option: sRGB Gamma Conversion = No
10:29:43: CPU Identifier & Features
10:29:43: -------------------------
10:29:43:  *   CPU ID: GenuineIntel: Intel(R) Xeon(R) CPU           W3530  @ 2.80GHz
10:29:43:  *      SSE: yes
10:29:43:  *     SSE2: yes
10:29:43:  *     SSE3: yes
10:29:43:  *      MMX: yes
10:29:43:  *   MMXEXT: yes
10:29:43:  *    3DNOW: no
10:29:43:  * 3DNOWEXT: no
10:29:43:  *     CMOV: yes
10:29:43:  *      TSC: yes
10:29:43:  *      FPU: yes
10:29:43:  *      PRO: yes
10:29:43:  *       HT: no
10:29:43: -------------------------
10:29:43: *** Starting Win32GL Subsystem ***
10:29:43: GLRenderSystem::_createRenderWindow "TutorialApplication Render Window", 1024x768 windowed  miscParams: FSAA=0 FSAAHint= colourDepth=32 displayFrequency=0 gamma=false vsync=false vsyncInterval=1 
10:29:43: Created Win32Window 'TutorialApplication Render Window' : 1040x806, 32bpp
10:29:43: GL_VERSION = 2.1 ATI-1.20.11
10:29:43: GL_VENDOR = Parallels and ATI Technologies Inc.
10:29:43: GL_RENDERER = Parallels using ATI Radeon HD 5770 OpenGL Engine
10:29:43: GL_EXTENSIONS = GL_EXT_texture3D GL_ARB_depth_texture GL_ARB_draw_buffers GL_ARB_fragment_program GL_ARB_fragment_program_shadow GL_ARB_fragment_shader GL_ARB_framebuffer_object GL_ARB_half_float_pixel GL_ARB_half_float_vertex GL_ARB_imaging GL_ARB_multisample GL_ARB_multitexture GL_ARB_occlusion_query GL_ARB_pixel_buffer_object GL_ARB_point_parameters GL_ARB_point_sprite GL_ARB_shader_objects GL_ARB_shader_texture_lod GL_ARB_shading_language_100 GL_ARB_shadow GL_ARB_shadow_ambient GL_ARB_texture_border_clamp GL_ARB_texture_compression GL_ARB_texture_compression_rgtc GL_ARB_texture_cube_map GL_ARB_texture_env_add GL_ARB_texture_env_combine GL_ARB_texture_env_crossbar GL_ARB_texture_env_dot3 GL_ARB_texture_float GL_ARB_texture_mirrored_repeat GL_ARB_texture_non_power_of_two GL_ARB_texture_rectangle GL_ARB_texture_rg GL_ARB_transpose_matrix GL_ARB_vertex_blend GL_ARB_vertex_buffer_object GL_ARB_vertex_program GL_ARB_vertex_shader GL_ARB_window_pos GL_EXT_abgr GL_EXT_bgra GL_EXT_bindable_uniform GL_EXT_blend_color GL_EXT_blend_equation_separate GL_EXT_blend_func_separate GL_EXT_blend_minmax GL_EXT_blend_subtract GL_EXT_clip_volume_hint GL_EXT_compiled_vertex_array GL_EXT_draw_buffers2 GL_EXT_draw_range_elements GL_EXT_fog_coord GL_EXT_framebuffer_blit GL_EXT_framebuffer_multisample GL_EXT_framebuffer_object GL_EXT_framebuffer_sRGB GL_EXT_geometry_shader4 GL_EXT_gpu_program_parameters GL_EXT_multi_draw_arrays GL_EXT_packed_depth_stencil GL_EXT_packed_float GL_EXT_provoking_vertex GL_EXT_rescale_normal GL_EXT_secondary_color GL_EXT_separate_specular_color GL_EXT_shadow_funcs GL_EXT_stencil_two_side GL_EXT_stencil_wrap GL_EXT_texture_array GL_EXT_texture_compression_dxt1 GL_EXT_texture_compression_s3tc GL_EXT_texture_env_add GL_EXT_texture_filter_anisotropic GL_EXT_texture_integer GL_EXT_texture_lod_bias GL_EXT_texture_mirror_clamp GL_EXT_texture_rectangle GL_EXT_texture_shared_exponent GL_EXT_texture_sRGB GL_EXT_vertex_array_bgra GL_ATI_separate_stencil GL_ATI_texture_env_combine3 GL_ATI_texture_float GL_ATI_texture_mirror_once GL_NV_blend_square GL_NV_depth_clamp GL_NV_fog_distance GL_NV_light_max_exponent GL_NV_texgen_reflection GL_SGI_color_matrix GL_SGIS_generate_mipmap GL_SGIS_texture_edge_clamp GL_SGIS_texture_lod GL_EXT_texture_env_combine GL_NV_texture_rectangle GL_EXT_texture_edge_clamp GL_ARB_map_buffer_range WGL_ARB_extensions_string WGL_EXT_extensions_string WGL_ARB_pixel_format WGL_EXT_pixel_format WGL_EXT_swap_control WGL_ARB_pbuffer WGL_EXT_pbuffer WGL_ARB_make_current_read WGL_EXT_make_current_read WGL_ARB_render_texture WGL_EXT_render_texture
10:29:43: Supported WGL extensions: WGL_ARB_extensions_string WGL_EXT_extensions_string WGL_ARB_pixel_format WGL_EXT_pixel_format WGL_EXT_swap_control WGL_ARB_pbuffer WGL_EXT_pbuffer WGL_ARB_make_current_read WGL_EXT_make_current_read WGL_ARB_render_texture WGL_EXT_render_texture
10:29:43: ***************************
10:29:43: *** GL Renderer Started ***
10:29:43: ***************************
10:29:43: Registering ResourceManager for type GpuProgram
10:29:43: GLSL support detected
10:29:43: GL: Using GL_EXT_framebuffer_object for rendering to textures (best)
10:29:43: FBO PF_UNKNOWN depth/stencil support: D0S1 D0S4 D0S8 D0S16 D16S0 D24S0 D32S0 Packed-D24S8 
10:29:43: FBO PF_R5G6B5 depth/stencil support: D0S0 D0S1 D0S4 D0S8 D0S16 D16S0 D24S0 D32S0 Packed-D24S8 
10:29:43: FBO PF_B5G6R5 depth/stencil support: D0S0 D0S1 D0S4 D0S8 D0S16 D16S0 D24S0 D32S0 Packed-D24S8 
10:29:43: FBO PF_A4R4G4B4 depth/stencil support: D0S0 D0S1 D0S4 D0S8 D0S16 D16S0 D24S0 D32S0 Packed-D24S8 
10:29:43: FBO PF_A1R5G5B5 depth/stencil support: D0S0 D0S1 D0S4 D0S8 D0S16 D16S0 D24S0 D32S0 Packed-D24S8 
10:29:43: FBO PF_R8G8B8 depth/stencil support: D0S0 D0S1 D0S4 D0S8 D0S16 D16S0 D24S0 D32S0 Packed-D24S8 
10:29:43: FBO PF_B8G8R8 depth/stencil support: D0S0 D0S1 D0S4 D0S8 D0S16 D16S0 D24S0 D32S0 Packed-D24S8 
10:29:43: FBO PF_A8R8G8B8 depth/stencil support: D0S0 D0S1 D0S4 D0S8 D0S16 D16S0 D24S0 D32S0 Packed-D24S8 
10:29:43: FBO PF_B8G8R8A8 depth/stencil support: D0S0 D0S1 D0S4 D0S8 D0S16 D16S0 D24S0 D32S0 Packed-D24S8 
10:29:43: FBO PF_A2R10G10B10 depth/stencil support: D0S0 D0S1 D0S4 D0S8 D0S16 D16S0 D24S0 D32S0 Packed-D24S8 
10:29:43: FBO PF_A2B10G10R10 depth/stencil support: D0S0 D0S1 D0S4 D0S8 D0S16 D16S0 D24S0 D32S0 Packed-D24S8 
10:29:43: FBO PF_FLOAT16_RGB depth/stencil support: D0S0 D0S1 D0S4 D0S8 D0S16 D16S0 D24S0 D32S0 Packed-D24S8 
10:29:43: FBO PF_FLOAT16_RGBA depth/stencil support: D0S0 D0S1 D0S4 D0S8 D0S16 D16S0 D24S0 D32S0 Packed-D24S8 
10:29:43: FBO PF_FLOAT32_RGB depth/stencil support: D0S0 D0S1 D0S4 D0S8 D0S16 D16S0 D24S0 D32S0 Packed-D24S8 
10:29:44: FBO PF_FLOAT32_RGBA depth/stencil support: D0S0 D0S1 D0S4 D0S8 D0S16 D16S0 D24S0 D32S0 Packed-D24S8 
10:29:44: FBO PF_X8R8G8B8 depth/stencil support: D0S0 D0S1 D0S4 D0S8 D0S16 D16S0 D24S0 D32S0 Packed-D24S8 
10:29:44: FBO PF_X8B8G8R8 depth/stencil support: D0S0 D0S1 D0S4 D0S8 D0S16 D16S0 D24S0 D32S0 Packed-D24S8 
10:29:44: FBO PF_SHORT_RGBA depth/stencil support: D0S0 D0S1 D0S4 D0S8 D0S16 D16S0 D24S0 D32S0 Packed-D24S8 
10:29:44: FBO PF_R3G3B2 depth/stencil support: D0S0 D0S1 D0S4 D0S8 D0S16 D16S0 D24S0 D32S0 Packed-D24S8 
10:29:44: FBO PF_SHORT_RGB depth/stencil support: D0S0 D0S1 D0S4 D0S8 D0S16 D16S0 D24S0 D32S0 Packed-D24S8 
10:29:44: [GL] : Valid FBO targets PF_UNKNOWN PF_R5G6B5 PF_B5G6R5 PF_A4R4G4B4 PF_A1R5G5B5 PF_R8G8B8 PF_B8G8R8 PF_A8R8G8B8 PF_B8G8R8A8 PF_A2R10G10B10 PF_A2B10G10R10 PF_FLOAT16_RGB PF_FLOAT16_RGBA PF_FLOAT32_RGB PF_FLOAT32_RGBA PF_X8R8G8B8 PF_X8B8G8R8 PF_SHORT_RGBA PF_R3G3B2 PF_SHORT_RGB 
10:29:44: RenderSystem capabilities
10:29:44: -------------------------
10:29:44: RenderSystem Name: OpenGL Rendering Subsystem
10:29:44: GPU Vendor: ati
10:29:44: Device Name: Parallels using ATI Radeon HD 5770 OpenGL Engine
10:29:44: Driver Version: 2.1.0.0
10:29:44:  * Fixed function pipeline: yes
10:29:44:  * Hardware generation of mipmaps: yes
10:29:44:  * Texture blending: yes
10:29:44:  * Anisotropic texture filtering: yes
10:29:44:  * Dot product texture operation: yes
10:29:44:  * Cube mapping: yes
10:29:44:  * Hardware stencil buffer: yes
10:29:44:    - Stencil depth: 8
10:29:44:    - Two sided stencil support: yes
10:29:44:    - Wrap stencil values: yes
10:29:44:  * Hardware vertex / index buffers: yes
10:29:44:  * Vertex programs: yes
10:29:44:  * Number of floating-point constants for vertex programs: 1024
10:29:44:  * Number of integer constants for vertex programs: 0
10:29:44:  * Number of boolean constants for vertex programs: 0
10:29:44:  * Fragment programs: yes
10:29:44:  * Number of floating-point constants for fragment programs: 1024
10:29:44:  * Number of integer constants for fragment programs: 0
10:29:44:  * Number of boolean constants for fragment programs: 0
10:29:44:  * Geometry programs: yes
10:29:44:  * Number of floating-point constants for geometry programs: 65535
10:29:44:  * Number of integer constants for geometry programs: 0
10:29:44:  * Number of boolean constants for geometry programs: 0
10:29:44:  * Supported Shader Profiles: arbfp1 arbvp1 glsl gp4gp gpu_gp nvgp4
10:29:44:  * Texture Compression: yes
10:29:44:    - DXT: yes
10:29:44:    - VTC: no
10:29:44:    - PVRTC: no
10:29:44:  * Scissor Rectangle: yes
10:29:44:  * Hardware Occlusion Query: yes
10:29:44:  * User clip planes: yes
10:29:44:  * VET_UBYTE4 vertex element type: yes
10:29:44:  * Infinite far plane projection: yes
10:29:44:  * Hardware render-to-texture: yes
10:29:44:  * Floating point textures: yes
10:29:44:  * Non-power-of-two textures: yes
10:29:44:  * Volume textures: yes
10:29:44:  * Multiple Render Targets: 8
10:29:44:    - With different bit depths: yes
10:29:44:  * Point Sprites: yes
10:29:44:  * Extended point parameters: yes
10:29:44:  * Max Point Size: 64
10:29:44:  * Vertex texture fetch: yes
10:29:44:  * Number of world matrices: 0
10:29:44:  * Number of texture units: 16
10:29:44:  * Stencil buffer depth: 8
10:29:44:  * Number of vertex blend matrices: 0
10:29:44:    - Max vertex textures: 16
10:29:44:    - Vertex textures shared: yes
10:29:44:  * Render to Vertex Buffer : no
10:29:44:  * GL 1.5 without VBO workaround: no
10:29:44:  * Frame Buffer objects: yes
10:29:44:  * Frame Buffer objects (ARB extension): no
10:29:44:  * Frame Buffer objects (ATI extension): no
10:29:44:  * PBuffer support: no
10:29:44:  * GL 1.5 without HW-occlusion workaround: no
10:29:44: Registering ResourceManager for type Texture
10:29:44: DefaultWorkQueue('Root') initialising on thread main.
10:29:44: Particle Renderer Type 'billboard' registered
10:29:44: SceneManagerFactory for type 'OctreeSceneManager' registered.
10:29:44: SceneManagerFactory for type 'TerrainSceneManager' registered.
10:29:44: Creating resource group Bootstrap
10:29:44: Added resource location '../../Media/packs/OgreCore.zip' of type 'Zip' to resource group 'Bootstrap'
10:29:44: Added resource location '../../Media' of type 'FileSystem' to resource group 'General'
10:29:44: Added resource location '../../Media/fonts' of type 'FileSystem' to resource group 'General'
10:29:44: Added resource location '../../Media/materials/programs' of type 'FileSystem' to resource group 'General'
10:29:44: Added resource location '../../Media/materials/scripts' of type 'FileSystem' to resource group 'General'
10:29:44: Added resource location '../../Media/materials/textures' of type 'FileSystem' to resource group 'General'
10:29:44: Added resource location '../../Media/models' of type 'FileSystem' to resource group 'General'
10:29:44: Added resource location '../../Media/packs/cubemap.zip' of type 'Zip' to resource group 'General'
10:29:44: Added resource location '../../Media/packs/skybox.zip' of type 'Zip' to resource group 'General'
10:29:44: Parsing scripts for resource group Autodetect
10:29:44: Finished parsing scripts for resource group Autodetect
10:29:44: Parsing scripts for resource group Bootstrap
10:29:44: Parsing script OgreCore.material
10:29:44: Parsing script OgreProfiler.material
10:29:44: Parsing script Ogre.fontdef
10:29:44: Parsing script OgreDebugPanel.overlay
10:29:44: Texture: New_Ogre_Border_Center.png: Loading 1 faces(PF_A8R8G8B8,256x128x1) with 5 hardware generated mipmaps from Image. Internal format is PF_A8R8G8B8,256x128x1.
10:29:44: Texture: New_Ogre_Border.png: Loading 1 faces(PF_A8R8G8B8,256x256x1) with 5 hardware generated mipmaps from Image. Internal format is PF_A8R8G8B8,256x256x1.
10:29:44: Texture: New_Ogre_Border_Break.png: Loading 1 faces(PF_A8R8G8B8,32x32x1) with 5 hardware generated mipmaps from Image. Internal format is PF_A8R8G8B8,32x32x1.
10:29:44: Texture: ogretext.png: Loading 1 faces(PF_A8R8G8B8,256x128x1) with 5 hardware generated mipmaps from Image. Internal format is PF_A8R8G8B8,256x128x1.
10:29:44: Parsing script OgreLoadingPanel.overlay
10:29:44: Finished parsing scripts for resource group Bootstrap
10:29:44: Parsing scripts for resource group General
10:29:44: Parsing script Bomb.material
10:29:44: Parsing script BombDropperGun.material
10:29:44: Parsing script CannonGun.material
10:29:44: Parsing script Example.material
10:29:44: Compiler error: reference to a non existing object in Example.material(211)
10:29:44: Compiler error: reference to a non existing object in Example.material(697)
10:29:44: Compiler error: reference to a non existing object in Example.material(709)
10:29:44: Compiler error: reference to a non existing object in Example.material(844)
10:29:44: Compiler error: reference to a non existing object in Example.material(879)
10:29:44: Compiler error: reference to a non existing object in Example.material(987)
10:29:44: Compiler error: reference to a non existing object in Example.material(992)
10:29:44: Parsing script GameInterface.material
10:29:44: Parsing script Gem.material
10:29:44: Parsing script Heart.material
10:29:44: Parsing script Main.material
10:29:44: Parsing script Material.material
10:29:44: Parsing script PowerCells.material
10:29:44: Parsing script red.material
10:29:44: Parsing script Sky.material
10:29:44: Parsing script Sphere.material
10:29:44: Parsing script GameInterface.overlay
10:29:44: Texture: RedGradient.png: Loading 1 faces(PF_A8R8G8B8,944x704x1) with 5 hardware generated mipmaps from Image. Internal format is PF_A8R8G8B8,944x704x1.
10:29:44: Texture: BlueGradient.png: Loading 1 faces(PF_A8R8G8B8,944x704x1) with 5 hardware generated mipmaps from Image. Internal format is PF_A8R8G8B8,944x704x1.
10:29:44: Finished parsing scripts for resource group General
10:29:44: Parsing scripts for resource group Internal
10:29:44: Finished parsing scripts for resource group Internal
10:29:44: Mesh: Loading robot.mesh.
10:29:44: Skeleton: Loading robot.skeleton
10:29:44: WARNING: robot.mesh is an older format ([MeshSerializer_v1.40]); you should upgrade it as soon as possible using the OgreMeshUpgrade tool.
10:29:44: Texture: r2skin.jpg: Loading 1 faces(PF_R8G8B8,512x512x1) with 5 hardware generated mipmaps from Image. Internal format is PF_X8R8G8B8,512x512x1.
10:29:44: Texture: stevecube_fr.jpg: Loading 1 faces(PF_R8G8B8,512x512x1) with 5 hardware generated mipmaps from Image. Internal format is PF_X8R8G8B8,512x512x1.
10:29:44: Texture: stevecube_bk.jpg: Loading 1 faces(PF_R8G8B8,512x512x1) with 5 hardware generated mipmaps from Image. Internal format is PF_X8R8G8B8,512x512x1.
10:29:44: Texture: stevecube_lf.jpg: Loading 1 faces(PF_R8G8B8,512x512x1) with 5 hardware generated mipmaps from Image. Internal format is PF_X8R8G8B8,512x512x1.
10:29:44: Texture: stevecube_rt.jpg: Loading 1 faces(PF_R8G8B8,512x512x1) with 5 hardware generated mipmaps from Image. Internal format is PF_X8R8G8B8,512x512x1.
10:29:44: Texture: stevecube_up.jpg: Loading 1 faces(PF_R8G8B8,512x512x1) with 5 hardware generated mipmaps from Image. Internal format is PF_X8R8G8B8,512x512x1.
10:29:44: Texture: stevecube_dn.jpg: Loading 1 faces(PF_R8G8B8,512x512x1) with 5 hardware generated mipmaps from Image. Internal format is PF_X8R8G8B8,512x512x1.
10:29:44: Texture: Chrome.jpg: Loading 1 faces(PF_L8,256x256x1) with 5 hardware generated mipmaps from Image. Internal format is PF_L8,256x256x1.
10:29:44: Can't assign material void to SubEntity of Quad_Entity because this Material does not exist. Have you forgotten to define it in a .material script?
10:29:44: Texture: clouds.jpg: Loading 1 faces(PF_R8G8B8,256x256x1) with 5 hardware generated mipmaps from Image. Internal format is PF_X8R8G8B8,256x256x1.
10:29:44: Mesh: Loading Main.mesh.
10:29:44: Mesh: Loading Sphere.mesh.
10:29:44: Mesh: Loading PowerCells.mesh.
10:29:44: Mesh: Loading Heart.mesh.
10:29:44: Can't assign material 01-Default to SubEntity of Ogre/MO7 because this Material does not exist. Have you forgotten to define it in a .material script?
10:29:44: Can't assign material 01-Default to SubEntity of Ogre/MO8 because this Material does not exist. Have you forgotten to define it in a .material script?
10:29:44: Can't assign material 01-Default to SubEntity of Ogre/MO9 because this Material does not exist. Have you forgotten to define it in a .material script?
10:29:44: *** Initializing OIS ***
10:29:44: Texture: spot_shadow_fade.png: Loading 1 faces(PF_R8G8B8,128x128x1) with 5 hardware generated mipmaps from Image. Internal format is PF_X8R8G8B8,128x128x1.
10:29:44: Font BlueHighwayusing texture size 512x512
10:29:44: Info: Freetype returned null for character 127 in font BlueHighway
10:29:44: Info: Freetype returned null for character 128 in font BlueHighway
10:29:44: Info: Freetype returned null for character 129 in font BlueHighway
10:29:44: Info: Freetype returned null for character 130 in font BlueHighway
10:29:44: Info: Freetype returned null for character 131 in font BlueHighway
10:29:44: Info: Freetype returned null for character 132 in font BlueHighway
10:29:44: Info: Freetype returned null for character 133 in font BlueHighway
10:29:44: Info: Freetype returned null for character 134 in font BlueHighway
10:29:44: Info: Freetype returned null for character 135 in font BlueHighway
10:29:44: Info: Freetype returned null for character 136 in font BlueHighway
10:29:44: Info: Freetype returned null for character 137 in font BlueHighway
10:29:44: Info: Freetype returned null for character 138 in font BlueHighway
10:29:44: Info: Freetype returned null for character 139 in font BlueHighway
10:29:44: Info: Freetype returned null for character 140 in font BlueHighway
10:29:44: Info: Freetype returned null for character 141 in font BlueHighway
10:29:44: Info: Freetype returned null for character 142 in font BlueHighway
10:29:44: Info: Freetype returned null for character 143 in font BlueHighway
10:29:44: Info: Freetype returned null for character 144 in font BlueHighway
10:29:44: Info: Freetype returned null for character 145 in font BlueHighway
10:29:44: Info: Freetype returned null for character 146 in font BlueHighway
10:29:44: Info: Freetype returned null for character 147 in font BlueHighway
10:29:44: Info: Freetype returned null for character 148 in font BlueHighway
10:29:44: Info: Freetype returned null for character 149 in font BlueHighway
10:29:44: Info: Freetype returned null for character 150 in font BlueHighway
10:29:44: Info: Freetype returned null for character 151 in font BlueHighway
10:29:44: Info: Freetype returned null for character 152 in font BlueHighway
10:29:44: Info: Freetype returned null for character 153 in font BlueHighway
10:29:44: Info: Freetype returned null for character 154 in font BlueHighway
10:29:44: Info: Freetype returned null for character 155 in font BlueHighway
10:29:44: Info: Freetype returned null for character 156 in font BlueHighway
10:29:44: Info: Freetype returned null for character 157 in font BlueHighway
10:29:44: Info: Freetype returned null for character 158 in font BlueHighway
10:29:44: Info: Freetype returned null for character 159 in font BlueHighway
10:29:44: Info: Freetype returned null for character 160 in font BlueHighway
10:29:44: Texture: BlueHighwayTexture: Loading 1 faces(PF_BYTE_LA,512x512x1) with  hardware generated mipmaps from Image. Internal format is PF_BYTE_LA,512x512x1.
10:29:56: DefaultWorkQueue('Root') shutting down on thread main.
